  DatabaseController.cpp
  Note: including file: D:\Github\Accountant-2.0\PersistanceLayer\Database\Source\..\DatabaseController.h
  Note: including file:  C:\Program Files\Microsoft Visual Studio\2022\Community\VC\Tools\MSVC\14.36.32532\include\filesystem
  Note: including file:   C:\Program Files\Microsoft Visual Studio\2022\Community\VC\Tools\MSVC\14.36.32532\include\yvals_core.h
  Note: including file:    C:\Program Files\Microsoft Visual Studio\2022\Community\VC\Tools\MSVC\14.36.32532\include\vcruntime.h
  Note: including file:     C:\Program Files\Microsoft Visual Studio\2022\Community\VC\Tools\MSVC\14.36.32532\include\sal.h
  Note: including file:      C:\Program Files\Microsoft Visual Studio\2022\Community\VC\Tools\MSVC\14.36.32532\include\concurrencysal.h
  Note: including file:     C:\Program Files\Microsoft Visual Studio\2022\Community\VC\Tools\MSVC\14.36.32532\include\vadefs.h
  Note: including file:    C:\Program Files\Microsoft Visual Studio\2022\Community\VC\Tools\MSVC\14.36.32532\include\xkeycheck.h
  Note: including file:   C:\Program Files\Microsoft Visual Studio\2022\Community\VC\Tools\MSVC\14.36.32532\include\algorithm
  Note: including file:    C:\Program Files\Microsoft Visual Studio\2022\Community\VC\Tools\MSVC\14.36.32532\include\xmemory
  Note: including file:     C:\Program Files\Microsoft Visual Studio\2022\Community\VC\Tools\MSVC\14.36.32532\include\cstdint
  Note: including file:      C:\Program Files\Microsoft Visual Studio\2022\Community\VC\Tools\MSVC\14.36.32532\include\stdint.h
  Note: including file:     C:\Program Files\Microsoft Visual Studio\2022\Community\VC\Tools\MSVC\14.36.32532\include\cstdlib
  Note: including file:      C:\Program Files (x86)\Windows Kits\10\Include\10.0.22000.0\ucrt\math.h
  Note: including file:       C:\Program Files (x86)\Windows Kits\10\Include\10.0.22000.0\ucrt\corecrt_math.h
  Note: including file:        C:\Program Files (x86)\Windows Kits\10\Include\10.0.22000.0\ucrt\corecrt.h
  Note: including file:      C:\Program Files (x86)\Windows Kits\10\Include\10.0.22000.0\ucrt\stdlib.h
  Note: including file:       C:\Program Files (x86)\Windows Kits\10\Include\10.0.22000.0\ucrt\corecrt_malloc.h
  Note: including file:       C:\Program Files (x86)\Windows Kits\10\Include\10.0.22000.0\ucrt\corecrt_search.h
  Note: including file:        C:\Program Files (x86)\Windows Kits\10\Include\10.0.22000.0\ucrt\stddef.h
  Note: including file:       C:\Program Files (x86)\Windows Kits\10\Include\10.0.22000.0\ucrt\corecrt_wstdlib.h
  Note: including file:       C:\Program Files\Microsoft Visual Studio\2022\Community\VC\Tools\MSVC\14.36.32532\include\limits.h
  Note: including file:     C:\Program Files\Microsoft Visual Studio\2022\Community\VC\Tools\MSVC\14.36.32532\include\limits
  Note: including file:      C:\Program Files\Microsoft Visual Studio\2022\Community\VC\Tools\MSVC\14.36.32532\include\cfloat
  Note: including file:       C:\Program Files (x86)\Windows Kits\10\Include\10.0.22000.0\ucrt\float.h
  Note: including file:      C:\Program Files\Microsoft Visual Studio\2022\Community\VC\Tools\MSVC\14.36.32532\include\climits
  Note: including file:      C:\Program Files\Microsoft Visual Studio\2022\Community\VC\Tools\MSVC\14.36.32532\include\cwchar
  Note: including file:       C:\Program Files\Microsoft Visual Studio\2022\Community\VC\Tools\MSVC\14.36.32532\include\cstdio
  Note: including file:        C:\Program Files (x86)\Windows Kits\10\Include\10.0.22000.0\ucrt\stdio.h
  Note: including file:         C:\Program Files (x86)\Windows Kits\10\Include\10.0.22000.0\ucrt\corecrt_wstdio.h
  Note: including file:          C:\Program Files (x86)\Windows Kits\10\Include\10.0.22000.0\ucrt\corecrt_stdio_config.h
  Note: including file:       C:\Program Files (x86)\Windows Kits\10\Include\10.0.22000.0\ucrt\wchar.h
  Note: including file:        C:\Program Files (x86)\Windows Kits\10\Include\10.0.22000.0\ucrt\corecrt_memcpy_s.h
  Note: including file:         C:\Program Files (x86)\Windows Kits\10\Include\10.0.22000.0\ucrt\errno.h
  Note: including file:         C:\Program Files\Microsoft Visual Studio\2022\Community\VC\Tools\MSVC\14.36.32532\include\vcruntime_string.h
  Note: including file:        C:\Program Files (x86)\Windows Kits\10\Include\10.0.22000.0\ucrt\corecrt_wconio.h
  Note: including file:        C:\Program Files (x86)\Windows Kits\10\Include\10.0.22000.0\ucrt\corecrt_wctype.h
  Note: including file:        C:\Program Files (x86)\Windows Kits\10\Include\10.0.22000.0\ucrt\corecrt_wdirect.h
  Note: including file:        C:\Program Files (x86)\Windows Kits\10\Include\10.0.22000.0\ucrt\corecrt_wio.h
  Note: including file:         C:\Program Files (x86)\Windows Kits\10\Include\10.0.22000.0\ucrt\corecrt_share.h
  Note: including file:        C:\Program Files (x86)\Windows Kits\10\Include\10.0.22000.0\ucrt\corecrt_wprocess.h
  Note: including file:        C:\Program Files (x86)\Windows Kits\10\Include\10.0.22000.0\ucrt\corecrt_wstring.h
  Note: including file:        C:\Program Files (x86)\Windows Kits\10\Include\10.0.22000.0\ucrt\corecrt_wtime.h
  Note: including file:        C:\Program Files (x86)\Windows Kits\10\Include\10.0.22000.0\ucrt\sys/stat.h
  Note: including file:         C:\Program Files (x86)\Windows Kits\10\Include\10.0.22000.0\ucrt\sys/types.h
  Note: including file:      C:\Program Files\Microsoft Visual Studio\2022\Community\VC\Tools\MSVC\14.36.32532\include\intrin0.h
  Note: including file:       C:\Program Files\Microsoft Visual Studio\2022\Community\VC\Tools\MSVC\14.36.32532\include\intrin0.inl.h
  Note: including file:      C:\Program Files\Microsoft Visual Studio\2022\Community\VC\Tools\MSVC\14.36.32532\include\isa_availability.h
  Note: including file:      C:\Program Files\Microsoft Visual Studio\2022\Community\VC\Tools\MSVC\14.36.32532\include\xstddef
  Note: including file:       C:\Program Files\Microsoft Visual Studio\2022\Community\VC\Tools\MSVC\14.36.32532\include\cstddef
  Note: including file:        C:\Program Files\Microsoft Visual Studio\2022\Community\VC\Tools\MSVC\14.36.32532\include\xtr1common
  Note: including file:       C:\Program Files\Microsoft Visual Studio\2022\Community\VC\Tools\MSVC\14.36.32532\include\initializer_list
  Note: including file:     C:\Program Files\Microsoft Visual Studio\2022\Community\VC\Tools\MSVC\14.36.32532\include\new
  Note: including file:      C:\Program Files\Microsoft Visual Studio\2022\Community\VC\Tools\MSVC\14.36.32532\include\exception
  Note: including file:       C:\Program Files\Microsoft Visual Studio\2022\Community\VC\Tools\MSVC\14.36.32532\include\yvals.h
  Note: including file:        C:\Program Files (x86)\Windows Kits\10\Include\10.0.22000.0\ucrt\crtdbg.h
  Note: including file:         C:\Program Files\Microsoft Visual Studio\2022\Community\VC\Tools\MSVC\14.36.32532\include\vcruntime_new_debug.h
  Note: including file:          C:\Program Files\Microsoft Visual Studio\2022\Community\VC\Tools\MSVC\14.36.32532\include\vcruntime_new.h
  Note: including file:        C:\Program Files\Microsoft Visual Studio\2022\Community\VC\Tools\MSVC\14.36.32532\include\crtdefs.h
  Note: including file:        C:\Program Files\Microsoft Visual Studio\2022\Community\VC\Tools\MSVC\14.36.32532\include\use_ansi.h
  Note: including file:       C:\Program Files\Microsoft Visual Studio\2022\Community\VC\Tools\MSVC\14.36.32532\include\type_traits
  Note: including file:       C:\Program Files (x86)\Windows Kits\10\Include\10.0.22000.0\ucrt\malloc.h
  Note: including file:       C:\Program Files\Microsoft Visual Studio\2022\Community\VC\Tools\MSVC\14.36.32532\include\vcruntime_exception.h
  Note: including file:        C:\Program Files\Microsoft Visual Studio\2022\Community\VC\Tools\MSVC\14.36.32532\include\eh.h
  Note: including file:         C:\Program Files (x86)\Windows Kits\10\Include\10.0.22000.0\ucrt\corecrt_terminate.h
  Note: including file:     C:\Program Files\Microsoft Visual Studio\2022\Community\VC\Tools\MSVC\14.36.32532\include\xatomic.h
  Note: including file:     C:\Program Files\Microsoft Visual Studio\2022\Community\VC\Tools\MSVC\14.36.32532\include\xutility
  Note: including file:      C:\Program Files\Microsoft Visual Studio\2022\Community\VC\Tools\MSVC\14.36.32532\include\__msvc_iter_core.hpp
  Note: including file:       C:\Program Files\Microsoft Visual Studio\2022\Community\VC\Tools\MSVC\14.36.32532\include\utility
  Note: including file:        C:\Program Files\Microsoft Visual Studio\2022\Community\VC\Tools\MSVC\14.36.32532\include\concepts
  Note: including file:        C:\Program Files\Microsoft Visual Studio\2022\Community\VC\Tools\MSVC\14.36.32532\include\compare
  Note: including file:         C:\Program Files\Microsoft Visual Studio\2022\Community\VC\Tools\MSVC\14.36.32532\include\bit
  Note: including file:      C:\Program Files\Microsoft Visual Studio\2022\Community\VC\Tools\MSVC\14.36.32532\include\cstring
  Note: including file:       C:\Program Files (x86)\Windows Kits\10\Include\10.0.22000.0\ucrt\string.h
  Note: including file:        C:\Program Files (x86)\Windows Kits\10\Include\10.0.22000.0\ucrt\corecrt_memory.h
  Note: including file:     C:\Program Files\Microsoft Visual Studio\2022\Community\VC\Tools\MSVC\14.36.32532\include\tuple
  Note: including file:   C:\Program Files\Microsoft Visual Studio\2022\Community\VC\Tools\MSVC\14.36.32532\include\chrono
  Note: including file:    C:\Program Files\Microsoft Visual Studio\2022\Community\VC\Tools\MSVC\14.36.32532\include\__msvc_chrono.hpp
  Note: including file:     C:\Program Files\Microsoft Visual Studio\2022\Community\VC\Tools\MSVC\14.36.32532\include\ctime
  Note: including file:      C:\Program Files (x86)\Windows Kits\10\Include\10.0.22000.0\ucrt\time.h
  Note: including file:     C:\Program Files\Microsoft Visual Studio\2022\Community\VC\Tools\MSVC\14.36.32532\include\ratio
  Note: including file:     C:\Program Files\Microsoft Visual Studio\2022\Community\VC\Tools\MSVC\14.36.32532\include\xtimec.h
  Note: including file:    C:\Program Files\Microsoft Visual Studio\2022\Community\VC\Tools\MSVC\14.36.32532\include\system_error
  Note: including file:     C:\Program Files\Microsoft Visual Studio\2022\Community\VC\Tools\MSVC\14.36.32532\include\__msvc_system_error_abi.hpp
  Note: including file:     C:\Program Files\Microsoft Visual Studio\2022\Community\VC\Tools\MSVC\14.36.32532\include\cerrno
  Note: including file:     C:\Program Files\Microsoft Visual Studio\2022\Community\VC\Tools\MSVC\14.36.32532\include\stdexcept
  Note: including file:      C:\Program Files\Microsoft Visual Studio\2022\Community\VC\Tools\MSVC\14.36.32532\include\xstring
  Note: including file:       C:\Program Files\Microsoft Visual Studio\2022\Community\VC\Tools\MSVC\14.36.32532\include\iosfwd
  Note: including file:       C:\Program Files\Microsoft Visual Studio\2022\Community\VC\Tools\MSVC\14.36.32532\include\xpolymorphic_allocator.h
  Note: including file:       C:\Program Files\Microsoft Visual Studio\2022\Community\VC\Tools\MSVC\14.36.32532\include\__msvc_sanitizer_annotate_container.hpp
  Note: including file:     C:\Program Files\Microsoft Visual Studio\2022\Community\VC\Tools\MSVC\14.36.32532\include\xcall_once.h
  Note: including file:     C:\Program Files\Microsoft Visual Studio\2022\Community\VC\Tools\MSVC\14.36.32532\include\xerrc.h
  Note: including file:     C:\Program Files\Microsoft Visual Studio\2022\Community\VC\Tools\MSVC\14.36.32532\include\atomic
  Note: including file:      C:\Program Files\Microsoft Visual Studio\2022\Community\VC\Tools\MSVC\14.36.32532\include\xatomic_wait.h
  Note: including file:      C:\Program Files\Microsoft Visual Studio\2022\Community\VC\Tools\MSVC\14.36.32532\include\xthreads.h
  Note: including file:    C:\Program Files\Microsoft Visual Studio\2022\Community\VC\Tools\MSVC\14.36.32532\include\xfilesystem_abi.h
  Note: including file:    C:\Program Files\Microsoft Visual Studio\2022\Community\VC\Tools\MSVC\14.36.32532\include\__msvc_tzdb.hpp
  Note: including file:    C:\Program Files\Microsoft Visual Studio\2022\Community\VC\Tools\MSVC\14.36.32532\include\cmath
  Note: including file:    C:\Program Files\Microsoft Visual Studio\2022\Community\VC\Tools\MSVC\14.36.32532\include\forward_list
  Note: including file:    C:\Program Files\Microsoft Visual Studio\2022\Community\VC\Tools\MSVC\14.36.32532\include\istream
  Note: including file:     C:\Program Files\Microsoft Visual Studio\2022\Community\VC\Tools\MSVC\14.36.32532\include\ostream
  Note: including file:      C:\Program Files\Microsoft Visual Studio\2022\Community\VC\Tools\MSVC\14.36.32532\include\ios
  Note: including file:       C:\Program Files\Microsoft Visual Studio\2022\Community\VC\Tools\MSVC\14.36.32532\include\xlocnum
  Note: including file:        C:\Program Files\Microsoft Visual Studio\2022\Community\VC\Tools\MSVC\14.36.32532\include\iterator
  Note: including file:        C:\Program Files\Microsoft Visual Studio\2022\Community\VC\Tools\MSVC\14.36.32532\include\streambuf
  Note: including file:         C:\Program Files\Microsoft Visual Studio\2022\Community\VC\Tools\MSVC\14.36.32532\include\xiosbase
  Note: including file:          C:\Program Files (x86)\Windows Kits\10\Include\10.0.22000.0\ucrt\share.h
  Note: including file:          C:\Program Files\Microsoft Visual Studio\2022\Community\VC\Tools\MSVC\14.36.32532\include\xlocale
  Note: including file:           C:\Program Files\Microsoft Visual Studio\2022\Community\VC\Tools\MSVC\14.36.32532\include\memory
  Note: including file:            C:\Program Files\Microsoft Visual Studio\2022\Community\VC\Tools\MSVC\14.36.32532\include\typeinfo
  Note: including file:             C:\Program Files\Microsoft Visual Studio\2022\Community\VC\Tools\MSVC\14.36.32532\include\vcruntime_typeinfo.h
  Note: including file:           C:\Program Files\Microsoft Visual Studio\2022\Community\VC\Tools\MSVC\14.36.32532\include\xfacet
  Note: including file:           C:\Program Files\Microsoft Visual Studio\2022\Community\VC\Tools\MSVC\14.36.32532\include\xlocinfo
  Note: including file:            C:\Program Files\Microsoft Visual Studio\2022\Community\VC\Tools\MSVC\14.36.32532\include\__msvc_xlocinfo_types.hpp
  Note: including file:            C:\Program Files\Microsoft Visual Studio\2022\Community\VC\Tools\MSVC\14.36.32532\include\cctype
  Note: including file:             C:\Program Files (x86)\Windows Kits\10\Include\10.0.22000.0\ucrt\ctype.h
  Note: including file:            C:\Program Files\Microsoft Visual Studio\2022\Community\VC\Tools\MSVC\14.36.32532\include\clocale
  Note: including file:             C:\Program Files (x86)\Windows Kits\10\Include\10.0.22000.0\ucrt\locale.h
  Note: including file:    C:\Program Files\Microsoft Visual Studio\2022\Community\VC\Tools\MSVC\14.36.32532\include\optional
  Note: including file:     C:\Program Files\Microsoft Visual Studio\2022\Community\VC\Tools\MSVC\14.36.32532\include\xsmf_control.h
  Note: including file:    C:\Program Files\Microsoft Visual Studio\2022\Community\VC\Tools\MSVC\14.36.32532\include\sstream
  Note: including file:     C:\Program Files\Microsoft Visual Studio\2022\Community\VC\Tools\MSVC\14.36.32532\include\string
  Note: including file:    C:\Program Files\Microsoft Visual Studio\2022\Community\VC\Tools\MSVC\14.36.32532\include\vector
  Note: including file:    C:\Program Files\Microsoft Visual Studio\2022\Community\VC\Tools\MSVC\14.36.32532\include\xloctime
  Note: including file:    C:\Program Files\Microsoft Visual Studio\2022\Community\VC\Tools\MSVC\14.36.32532\include\format
  Note: including file:     C:\Program Files\Microsoft Visual Studio\2022\Community\VC\Tools\MSVC\14.36.32532\include\__msvc_format_ucd_tables.hpp
  Note: including file:     C:\Program Files\Microsoft Visual Studio\2022\Community\VC\Tools\MSVC\14.36.32532\include\charconv
  Note: including file:      C:\Program Files\Microsoft Visual Studio\2022\Community\VC\Tools\MSVC\14.36.32532\include\xbit_ops.h
  Note: including file:      C:\Program Files\Microsoft Visual Studio\2022\Community\VC\Tools\MSVC\14.36.32532\include\xcharconv.h
  Note: including file:      C:\Program Files\Microsoft Visual Studio\2022\Community\VC\Tools\MSVC\14.36.32532\include\xcharconv_ryu.h
  Note: including file:       C:\Program Files\Microsoft Visual Studio\2022\Community\VC\Tools\MSVC\14.36.32532\include\xcharconv_ryu_tables.h
  Note: including file:      C:\Program Files\Microsoft Visual Studio\2022\Community\VC\Tools\MSVC\14.36.32532\include\xcharconv_tables.h
  Note: including file:     C:\Program Files\Microsoft Visual Studio\2022\Community\VC\Tools\MSVC\14.36.32532\include\locale
  Note: including file:      C:\Program Files\Microsoft Visual Studio\2022\Community\VC\Tools\MSVC\14.36.32532\include\xlocbuf
  Note: including file:      C:\Program Files\Microsoft Visual Studio\2022\Community\VC\Tools\MSVC\14.36.32532\include\xlocmes
  Note: including file:      C:\Program Files\Microsoft Visual Studio\2022\Community\VC\Tools\MSVC\14.36.32532\include\xlocmon
  Note: including file:     C:\Program Files\Microsoft Visual Studio\2022\Community\VC\Tools\MSVC\14.36.32532\include\mutex
  Note: including file:      C:\Program Files\Microsoft Visual Studio\2022\Community\VC\Tools\MSVC\14.36.32532\include\thread
  Note: including file:       C:\Program Files (x86)\Windows Kits\10\Include\10.0.22000.0\ucrt\process.h
  Note: including file:        C:\Program Files (x86)\Windows Kits\10\Include\10.0.22000.0\ucrt\corecrt_startup.h
  Note: including file:         C:\Program Files (x86)\Windows Kits\10\Include\10.0.22000.0\ucrt\math.h
  Note: including file:         C:\Program Files\Microsoft Visual Studio\2022\Community\VC\Tools\MSVC\14.36.32532\include\vcruntime_startup.h
  Note: including file:       C:\Program Files\Microsoft Visual Studio\2022\Community\VC\Tools\MSVC\14.36.32532\include\stop_token
  Note: including file:    C:\Program Files\Microsoft Visual Studio\2022\Community\VC\Tools\MSVC\14.36.32532\include\iomanip
  Note: including file:   C:\Program Files\Microsoft Visual Studio\2022\Community\VC\Tools\MSVC\14.36.32532\include\list
  Note: including file:  C:\Program Files\Microsoft Visual Studio\2022\Community\VC\Tools\MSVC\14.36.32532\include\any
  Note: including file:  C:\Program Files\Microsoft Visual Studio\2022\Community\VC\Tools\MSVC\14.36.32532\include\unordered_map
  Note: including file:   C:\Program Files\Microsoft Visual Studio\2022\Community\VC\Tools\MSVC\14.36.32532\include\xhash
  Note: including file:    C:\Program Files\Microsoft Visual Studio\2022\Community\VC\Tools\MSVC\14.36.32532\include\xnode_handle.h
  Note: including file:  D:\Github\Accountant-2.0\PersistanceLayer\Database\External Libraries\SQLite\sqlite3.h
  Note: including file:   C:\Program Files\Microsoft Visual Studio\2022\Community\VC\Tools\MSVC\14.36.32532\include\stdarg.h
  Note: including file:  D:\Github\Accountant-2.0\PersistanceLayer\Database\..\..\External Libraries\Delegates\Delegate.h
  Note: including file:   C:\Program Files\Microsoft Visual Studio\2022\Community\VC\Tools\MSVC\14.36.32532\include\functional
  Note: including file:   D:\Github\Accountant-2.0\External Libraries\Delegates\..\Debug\Macros.h
  Note: including file:    C:\Program Files (x86)\Windows Kits\10\Include\10.0.22000.0\um\windows.h
  Note: including file:     C:\Program Files (x86)\Windows Kits\10\Include\10.0.22000.0\shared\winapifamily.h
  Note: including file:      C:\Program Files (x86)\Windows Kits\10\Include\10.0.22000.0\shared\winpackagefamily.h
  Note: including file:     C:\Program Files (x86)\Windows Kits\10\Include\10.0.22000.0\shared\sdkddkver.h
  Note: including file:     C:\Program Files\Microsoft Visual Studio\2022\Community\VC\Tools\MSVC\14.36.32532\include\excpt.h
  Note: including file:     C:\Program Files (x86)\Windows Kits\10\Include\10.0.22000.0\shared\windef.h
  Note: including file:      C:\Program Files (x86)\Windows Kits\10\Include\10.0.22000.0\shared\minwindef.h
  Note: including file:       C:\Program Files (x86)\Windows Kits\10\Include\10.0.22000.0\shared\specstrings.h
  Note: including file:        C:\Program Files (x86)\Windows Kits\10\Include\10.0.22000.0\shared\specstrings_strict.h
  Note: including file:         C:\Program Files (x86)\Windows Kits\10\Include\10.0.22000.0\shared\specstrings_undef.h
  Note: including file:        C:\Program Files (x86)\Windows Kits\10\Include\10.0.22000.0\shared\driverspecs.h
  Note: including file:         C:\Program Files (x86)\Windows Kits\10\Include\10.0.22000.0\shared\sdv_driverspecs.h
  Note: including file:       C:\Program Files (x86)\Windows Kits\10\Include\10.0.22000.0\um\winnt.h
  Note: including file:        C:\Program Files (x86)\Windows Kits\10\Include\10.0.22000.0\shared\kernelspecs.h
  Note: including file:        C:\Program Files (x86)\Windows Kits\10\Include\10.0.22000.0\shared\basetsd.h
  Note: including file:        C:\Program Files (x86)\Windows Kits\10\Include\10.0.22000.0\shared\guiddef.h
  Note: including file:        C:\Program Files (x86)\Windows Kits\10\Include\10.0.22000.0\shared\pshpack4.h
  Note: including file:        C:\Program Files (x86)\Windows Kits\10\Include\10.0.22000.0\shared\poppack.h
  Note: including file:        C:\Program Files (x86)\Windows Kits\10\Include\10.0.22000.0\shared\pshpack4.h
  Note: including file:        C:\Program Files (x86)\Windows Kits\10\Include\10.0.22000.0\shared\poppack.h
  Note: including file:        C:\Program Files (x86)\Windows Kits\10\Include\10.0.22000.0\shared\pshpack4.h
  Note: including file:        C:\Program Files (x86)\Windows Kits\10\Include\10.0.22000.0\shared\pshpack2.h
  Note: including file:        C:\Program Files (x86)\Windows Kits\10\Include\10.0.22000.0\shared\poppack.h
  Note: including file:        C:\Program Files (x86)\Windows Kits\10\Include\10.0.22000.0\shared\pshpack2.h
  Note: including file:        C:\Program Files (x86)\Windows Kits\10\Include\10.0.22000.0\shared\pshpack2.h
  Note: including file:        C:\Program Files (x86)\Windows Kits\10\Include\10.0.22000.0\shared\poppack.h
  Note: including file:        C:\Program Files (x86)\Windows Kits\10\Include\10.0.22000.0\shared\poppack.h
  Note: including file:        C:\Program Files (x86)\Windows Kits\10\Include\10.0.22000.0\shared\pshpack8.h
  Note: including file:        C:\Program Files (x86)\Windows Kits\10\Include\10.0.22000.0\shared\poppack.h
  Note: including file:        C:\Program Files (x86)\Windows Kits\10\Include\10.0.22000.0\shared\pshpack1.h
  Note: including file:        C:\Program Files (x86)\Windows Kits\10\Include\10.0.22000.0\shared\poppack.h
  Note: including file:        C:\Program Files (x86)\Windows Kits\10\Include\10.0.22000.0\shared\pshpack1.h
  Note: including file:        C:\Program Files (x86)\Windows Kits\10\Include\10.0.22000.0\shared\poppack.h
  Note: including file:        C:\Program Files (x86)\Windows Kits\10\Include\10.0.22000.0\shared\poppack.h
  Note: including file:        C:\Program Files (x86)\Windows Kits\10\Include\10.0.22000.0\shared\apiset.h
  Note: including file:        C:\Program Files (x86)\Windows Kits\10\Include\10.0.22000.0\shared\ktmtypes.h
  Note: including file:     C:\Program Files (x86)\Windows Kits\10\Include\10.0.22000.0\um\winbase.h
  Note: including file:      C:\Program Files (x86)\Windows Kits\10\Include\10.0.22000.0\shared\apisetcconv.h
  Note: including file:      C:\Program Files (x86)\Windows Kits\10\Include\10.0.22000.0\um\minwinbase.h
  Note: including file:      C:\Program Files (x86)\Windows Kits\10\Include\10.0.22000.0\um\apiquery2.h
  Note: including file:      C:\Program Files (x86)\Windows Kits\10\Include\10.0.22000.0\um\processenv.h
  Note: including file:      C:\Program Files (x86)\Windows Kits\10\Include\10.0.22000.0\um\fileapifromapp.h
  Note: including file:       C:\Program Files (x86)\Windows Kits\10\Include\10.0.22000.0\um\fileapi.h
  Note: including file:      C:\Program Files (x86)\Windows Kits\10\Include\10.0.22000.0\um\debugapi.h
  Note: including file:      C:\Program Files (x86)\Windows Kits\10\Include\10.0.22000.0\um\utilapiset.h
  Note: including file:      C:\Program Files (x86)\Windows Kits\10\Include\10.0.22000.0\um\handleapi.h
  Note: including file:      C:\Program Files (x86)\Windows Kits\10\Include\10.0.22000.0\um\errhandlingapi.h
  Note: including file:      C:\Program Files (x86)\Windows Kits\10\Include\10.0.22000.0\um\fibersapi.h
  Note: including file:      C:\Program Files (x86)\Windows Kits\10\Include\10.0.22000.0\um\namedpipeapi.h
  Note: including file:      C:\Program Files (x86)\Windows Kits\10\Include\10.0.22000.0\um\profileapi.h
  Note: including file:      C:\Program Files (x86)\Windows Kits\10\Include\10.0.22000.0\um\heapapi.h
  Note: including file:      C:\Program Files (x86)\Windows Kits\10\Include\10.0.22000.0\um\ioapiset.h
  Note: including file:      C:\Program Files (x86)\Windows Kits\10\Include\10.0.22000.0\um\synchapi.h
  Note: including file:      C:\Program Files (x86)\Windows Kits\10\Include\10.0.22000.0\um\interlockedapi.h
  Note: including file:      C:\Program Files (x86)\Windows Kits\10\Include\10.0.22000.0\um\processthreadsapi.h
  Note: including file:      C:\Program Files (x86)\Windows Kits\10\Include\10.0.22000.0\um\sysinfoapi.h
  Note: including file:      C:\Program Files (x86)\Windows Kits\10\Include\10.0.22000.0\um\memoryapi.h
  Note: including file:      C:\Program Files (x86)\Windows Kits\10\Include\10.0.22000.0\um\enclaveapi.h
  Note: including file:      C:\Program Files (x86)\Windows Kits\10\Include\10.0.22000.0\um\threadpoollegacyapiset.h
  Note: including file:      C:\Program Files (x86)\Windows Kits\10\Include\10.0.22000.0\um\threadpoolapiset.h
  Note: including file:      C:\Program Files (x86)\Windows Kits\10\Include\10.0.22000.0\um\jobapi.h
  Note: including file:      C:\Program Files (x86)\Windows Kits\10\Include\10.0.22000.0\um\jobapi2.h
  Note: including file:      C:\Program Files (x86)\Windows Kits\10\Include\10.0.22000.0\um\wow64apiset.h
  Note: including file:      C:\Program Files (x86)\Windows Kits\10\Include\10.0.22000.0\um\libloaderapi.h
  Note: including file:      C:\Program Files (x86)\Windows Kits\10\Include\10.0.22000.0\um\securitybaseapi.h
  Note: including file:      C:\Program Files (x86)\Windows Kits\10\Include\10.0.22000.0\um\namespaceapi.h
  Note: including file:      C:\Program Files (x86)\Windows Kits\10\Include\10.0.22000.0\um\systemtopologyapi.h
  Note: including file:      C:\Program Files (x86)\Windows Kits\10\Include\10.0.22000.0\um\processtopologyapi.h
  Note: including file:      C:\Program Files (x86)\Windows Kits\10\Include\10.0.22000.0\um\securityappcontainer.h
  Note: including file:      C:\Program Files (x86)\Windows Kits\10\Include\10.0.22000.0\um\realtimeapiset.h
  Note: including file:      C:\Program Files (x86)\Windows Kits\10\Include\10.0.22000.0\shared\winerror.h
  Note: including file:      C:\Program Files (x86)\Windows Kits\10\Include\10.0.22000.0\um\timezoneapi.h
  Note: including file:     C:\Program Files (x86)\Windows Kits\10\Include\10.0.22000.0\um\wingdi.h
  Note: including file:      C:\Program Files (x86)\Windows Kits\10\Include\10.0.22000.0\shared\pshpack1.h
  Note: including file:      C:\Program Files (x86)\Windows Kits\10\Include\10.0.22000.0\shared\poppack.h
  Note: including file:      C:\Program Files (x86)\Windows Kits\10\Include\10.0.22000.0\shared\pshpack2.h
  Note: including file:      C:\Program Files (x86)\Windows Kits\10\Include\10.0.22000.0\shared\poppack.h
  Note: including file:      C:\Program Files (x86)\Windows Kits\10\Include\10.0.22000.0\shared\pshpack2.h
  Note: including file:      C:\Program Files (x86)\Windows Kits\10\Include\10.0.22000.0\shared\poppack.h
  Note: including file:      C:\Program Files (x86)\Windows Kits\10\Include\10.0.22000.0\shared\pshpack4.h
  Note: including file:      C:\Program Files (x86)\Windows Kits\10\Include\10.0.22000.0\shared\poppack.h
  Note: including file:      C:\Program Files (x86)\Windows Kits\10\Include\10.0.22000.0\shared\pshpack4.h
  Note: including file:      C:\Program Files (x86)\Windows Kits\10\Include\10.0.22000.0\shared\poppack.h
  Note: including file:     C:\Program Files (x86)\Windows Kits\10\Include\10.0.22000.0\um\winuser.h
  Note: including file:      C:\Program Files (x86)\Windows Kits\10\Include\10.0.22000.0\shared\pshpack2.h
  Note: including file:      C:\Program Files (x86)\Windows Kits\10\Include\10.0.22000.0\shared\poppack.h
  Note: including file:      C:\Program Files (x86)\Windows Kits\10\Include\10.0.22000.0\shared\tvout.h
  Note: including file:     C:\Program Files (x86)\Windows Kits\10\Include\10.0.22000.0\um\winnls.h
  Note: including file:      C:\Program Files (x86)\Windows Kits\10\Include\10.0.22000.0\um\datetimeapi.h
  Note: including file:      C:\Program Files (x86)\Windows Kits\10\Include\10.0.22000.0\um\stringapiset.h
  Note: including file:       C:\Program Files (x86)\Windows Kits\10\Include\10.0.22000.0\um\winnls.h
  Note: including file:     C:\Program Files (x86)\Windows Kits\10\Include\10.0.22000.0\um\wincon.h
  Note: including file:      C:\Program Files (x86)\Windows Kits\10\Include\10.0.22000.0\um\wincontypes.h
  Note: including file:      C:\Program Files (x86)\Windows Kits\10\Include\10.0.22000.0\um\consoleapi.h
  Note: including file:      C:\Program Files (x86)\Windows Kits\10\Include\10.0.22000.0\um\consoleapi2.h
  Note: including file:      C:\Program Files (x86)\Windows Kits\10\Include\10.0.22000.0\um\consoleapi3.h
  Note: including file:     C:\Program Files (x86)\Windows Kits\10\Include\10.0.22000.0\um\winver.h
  Note: including file:      C:\Program Files (x86)\Windows Kits\10\Include\10.0.22000.0\um\verrsrc.h
  Note: including file:     C:\Program Files (x86)\Windows Kits\10\Include\10.0.22000.0\um\winreg.h
  Note: including file:      C:\Program Files (x86)\Windows Kits\10\Include\10.0.22000.0\um\reason.h
  Note: including file:     C:\Program Files (x86)\Windows Kits\10\Include\10.0.22000.0\um\winnetwk.h
  Note: including file:      C:\Program Files (x86)\Windows Kits\10\Include\10.0.22000.0\shared\wnnc.h
  Note: including file:     C:\Program Files (x86)\Windows Kits\10\Include\10.0.22000.0\shared\cderr.h
  Note: including file:     C:\Program Files (x86)\Windows Kits\10\Include\10.0.22000.0\um\dde.h
  Note: including file:     C:\Program Files (x86)\Windows Kits\10\Include\10.0.22000.0\um\ddeml.h
  Note: including file:     C:\Program Files (x86)\Windows Kits\10\Include\10.0.22000.0\um\dlgs.h
  Note: including file:     C:\Program Files (x86)\Windows Kits\10\Include\10.0.22000.0\um\lzexpand.h
  Note: including file:     C:\Program Files (x86)\Windows Kits\10\Include\10.0.22000.0\um\mmsystem.h
  Note: including file:      C:\Program Files (x86)\Windows Kits\10\Include\10.0.22000.0\um\mmsyscom.h
  Note: including file:       C:\Program Files (x86)\Windows Kits\10\Include\10.0.22000.0\shared\pshpack1.h
  Note: including file:       C:\Program Files (x86)\Windows Kits\10\Include\10.0.22000.0\shared\poppack.h
  Note: including file:      C:\Program Files (x86)\Windows Kits\10\Include\10.0.22000.0\shared\pshpack1.h
  Note: including file:      C:\Program Files (x86)\Windows Kits\10\Include\10.0.22000.0\um\mciapi.h
  Note: including file:       C:\Program Files (x86)\Windows Kits\10\Include\10.0.22000.0\um\mmsyscom.h
  Note: including file:      C:\Program Files (x86)\Windows Kits\10\Include\10.0.22000.0\um\mmiscapi.h
  Note: including file:       C:\Program Files (x86)\Windows Kits\10\Include\10.0.22000.0\um\mmsyscom.h
  Note: including file:      C:\Program Files (x86)\Windows Kits\10\Include\10.0.22000.0\um\mmiscapi2.h
  Note: including file:       C:\Program Files (x86)\Windows Kits\10\Include\10.0.22000.0\um\mmsyscom.h
  Note: including file:      C:\Program Files (x86)\Windows Kits\10\Include\10.0.22000.0\um\playsoundapi.h
  Note: including file:       C:\Program Files (x86)\Windows Kits\10\Include\10.0.22000.0\um\mmsyscom.h
  Note: including file:      C:\Program Files (x86)\Windows Kits\10\Include\10.0.22000.0\um\mmeapi.h
  Note: including file:       C:\Program Files (x86)\Windows Kits\10\Include\10.0.22000.0\um\mmsyscom.h
  Note: including file:      C:\Program Files (x86)\Windows Kits\10\Include\10.0.22000.0\um\timeapi.h
  Note: including file:       C:\Program Files (x86)\Windows Kits\10\Include\10.0.22000.0\um\mmsyscom.h
  Note: including file:      C:\Program Files (x86)\Windows Kits\10\Include\10.0.22000.0\um\joystickapi.h
  Note: including file:       C:\Program Files (x86)\Windows Kits\10\Include\10.0.22000.0\um\mmsyscom.h
  Note: including file:      C:\Program Files (x86)\Windows Kits\10\Include\10.0.22000.0\shared\poppack.h
  Note: including file:     C:\Program Files (x86)\Windows Kits\10\Include\10.0.22000.0\um\nb30.h
  Note: including file:     C:\Program Files (x86)\Windows Kits\10\Include\10.0.22000.0\shared\rpc.h
  Note: including file:      C:\Program Files (x86)\Windows Kits\10\Include\10.0.22000.0\shared\pshpack8.h
  Note: including file:      C:\Program Files (x86)\Windows Kits\10\Include\10.0.22000.0\shared\rpcdce.h
  Note: including file:       C:\Program Files (x86)\Windows Kits\10\Include\10.0.22000.0\shared\rpcdcep.h
  Note: including file:      C:\Program Files (x86)\Windows Kits\10\Include\10.0.22000.0\um\rpcnsi.h
  Note: including file:      C:\Program Files (x86)\Windows Kits\10\Include\10.0.22000.0\shared\rpcnterr.h
  Note: including file:      C:\Program Files (x86)\Windows Kits\10\Include\10.0.22000.0\shared\rpcasync.h
  Note: including file:       C:\Program Files (x86)\Windows Kits\10\Include\10.0.22000.0\shared\pshpack8.h
  Note: including file:       C:\Program Files (x86)\Windows Kits\10\Include\10.0.22000.0\shared\poppack.h
  Note: including file:      C:\Program Files (x86)\Windows Kits\10\Include\10.0.22000.0\shared\poppack.h
  Note: including file:     C:\Program Files (x86)\Windows Kits\10\Include\10.0.22000.0\um\shellapi.h
  Note: including file:     C:\Program Files (x86)\Windows Kits\10\Include\10.0.22000.0\um\winperf.h
  Note: including file:      C:\Program Files (x86)\Windows Kits\10\Include\10.0.22000.0\shared\pshpack8.h
  Note: including file:      C:\Program Files (x86)\Windows Kits\10\Include\10.0.22000.0\shared\poppack.h
  Note: including file:     C:\Program Files (x86)\Windows Kits\10\Include\10.0.22000.0\um\winsock.h
  Note: including file:      C:\Program Files (x86)\Windows Kits\10\Include\10.0.22000.0\shared\inaddr.h
  Note: including file:     C:\Program Files (x86)\Windows Kits\10\Include\10.0.22000.0\um\wincrypt.h
  Note: including file:      C:\Program Files (x86)\Windows Kits\10\Include\10.0.22000.0\shared\bcrypt.h
  Note: including file:      C:\Program Files (x86)\Windows Kits\10\Include\10.0.22000.0\um\ncrypt.h
  Note: including file:      C:\Program Files (x86)\Windows Kits\10\Include\10.0.22000.0\um\dpapi.h
  Note: including file:     C:\Program Files (x86)\Windows Kits\10\Include\10.0.22000.0\um\winefs.h
  Note: including file:     C:\Program Files (x86)\Windows Kits\10\Include\10.0.22000.0\um\winscard.h
  Note: including file:      C:\Program Files (x86)\Windows Kits\10\Include\10.0.22000.0\shared\wtypes.h
  Note: including file:       C:\Program Files (x86)\Windows Kits\10\Include\10.0.22000.0\shared\rpcndr.h
  Note: including file:        C:\Program Files (x86)\Windows Kits\10\Include\10.0.22000.0\shared\pshpack8.h
  Note: including file:        C:\Program Files (x86)\Windows Kits\10\Include\10.0.22000.0\um\rpcnsip.h
  Note: including file:        C:\Program Files (x86)\Windows Kits\10\Include\10.0.22000.0\shared\rpcsal.h
  Note: including file:        C:\Program Files (x86)\Windows Kits\10\Include\10.0.22000.0\shared\poppack.h
  Note: including file:       C:\Program Files (x86)\Windows Kits\10\Include\10.0.22000.0\shared\wtypesbase.h
  Note: including file:        C:\Program Files (x86)\Windows Kits\10\Include\10.0.22000.0\shared\guiddef.h
  Note: including file:      C:\Program Files (x86)\Windows Kits\10\Include\10.0.22000.0\um\winioctl.h
  Note: including file:       C:\Program Files (x86)\Windows Kits\10\Include\10.0.22000.0\shared\pshpack1.h
  Note: including file:       C:\Program Files (x86)\Windows Kits\10\Include\10.0.22000.0\shared\poppack.h
  Note: including file:       C:\Program Files (x86)\Windows Kits\10\Include\10.0.22000.0\shared\pshpack1.h
  Note: including file:       C:\Program Files (x86)\Windows Kits\10\Include\10.0.22000.0\shared\poppack.h
  Note: including file:       C:\Program Files (x86)\Windows Kits\10\Include\10.0.22000.0\shared\pshpack1.h
  Note: including file:       C:\Program Files (x86)\Windows Kits\10\Include\10.0.22000.0\shared\poppack.h
  Note: including file:       C:\Program Files (x86)\Windows Kits\10\Include\10.0.22000.0\shared\pshpack1.h
  Note: including file:       C:\Program Files (x86)\Windows Kits\10\Include\10.0.22000.0\shared\poppack.h
  Note: including file:       C:\Program Files (x86)\Windows Kits\10\Include\10.0.22000.0\shared\pshpack1.h
  Note: including file:       C:\Program Files (x86)\Windows Kits\10\Include\10.0.22000.0\shared\poppack.h
  Note: including file:       C:\Program Files (x86)\Windows Kits\10\Include\10.0.22000.0\shared\pshpack1.h
  Note: including file:       C:\Program Files (x86)\Windows Kits\10\Include\10.0.22000.0\shared\poppack.h
  Note: including file:       C:\Program Files (x86)\Windows Kits\10\Include\10.0.22000.0\shared\pshpack1.h
  Note: including file:       C:\Program Files (x86)\Windows Kits\10\Include\10.0.22000.0\shared\poppack.h
  Note: including file:      C:\Program Files (x86)\Windows Kits\10\Include\10.0.22000.0\shared\winsmcrd.h
  Note: including file:     C:\Program Files (x86)\Windows Kits\10\Include\10.0.22000.0\um\winspool.h
  Note: including file:      C:\Program Files (x86)\Windows Kits\10\Include\10.0.22000.0\um\prsht.h
  Note: including file:       C:\Program Files (x86)\Windows Kits\10\Include\10.0.22000.0\shared\pshpack8.h
  Note: including file:       C:\Program Files (x86)\Windows Kits\10\Include\10.0.22000.0\shared\poppack.h
  Note: including file:     C:\Program Files (x86)\Windows Kits\10\Include\10.0.22000.0\um\ole2.h
  Note: including file:      C:\Program Files (x86)\Windows Kits\10\Include\10.0.22000.0\shared\pshpack8.h
  Note: including file:      C:\Program Files (x86)\Windows Kits\10\Include\10.0.22000.0\um\objbase.h
  Note: including file:       C:\Program Files (x86)\Windows Kits\10\Include\10.0.22000.0\shared\pshpack8.h
  Note: including file:       C:\Program Files (x86)\Windows Kits\10\Include\10.0.22000.0\um\combaseapi.h
  Note: including file:        C:\Program Files (x86)\Windows Kits\10\Include\10.0.22000.0\shared\pshpack8.h
  Note: including file:        C:\Program Files (x86)\Windows Kits\10\Include\10.0.22000.0\um\unknwnbase.h
  Note: including file:        C:\Program Files (x86)\Windows Kits\10\Include\10.0.22000.0\um\objidlbase.h
  Note: including file:        C:\Program Files (x86)\Windows Kits\10\Include\10.0.22000.0\shared\guiddef.h
  Note: including file:        C:\Program Files (x86)\Windows Kits\10\Include\10.0.22000.0\um\cguid.h
  Note: including file:        C:\Program Files (x86)\Windows Kits\10\Include\10.0.22000.0\shared\poppack.h
  Note: including file:       C:\Program Files (x86)\Windows Kits\10\Include\10.0.22000.0\um\coml2api.h
  Note: including file:        C:\Program Files (x86)\Windows Kits\10\Include\10.0.22000.0\um\objidl.h
  Note: including file:         C:\Program Files (x86)\Windows Kits\10\Include\10.0.22000.0\um\unknwn.h
  Note: including file:        C:\Program Files (x86)\Windows Kits\10\Include\10.0.22000.0\um\propidlbase.h
  Note: including file:         C:\Program Files (x86)\Windows Kits\10\Include\10.0.22000.0\um\oaidl.h
  Note: including file:       C:\Program Files (x86)\Windows Kits\10\Include\10.0.22000.0\um\urlmon.h
  Note: including file:        C:\Program Files (x86)\Windows Kits\10\Include\10.0.22000.0\um\oleidl.h
  Note: including file:        C:\Program Files (x86)\Windows Kits\10\Include\10.0.22000.0\um\servprov.h
  Note: including file:        C:\Program Files (x86)\Windows Kits\10\Include\10.0.22000.0\um\msxml.h
  Note: including file:       C:\Program Files (x86)\Windows Kits\10\Include\10.0.22000.0\um\propidl.h
  Note: including file:       C:\Program Files (x86)\Windows Kits\10\Include\10.0.22000.0\shared\poppack.h
  Note: including file:      C:\Program Files (x86)\Windows Kits\10\Include\10.0.22000.0\um\oleauto.h
  Note: including file:       C:\Program Files (x86)\Windows Kits\10\Include\10.0.22000.0\shared\pshpack8.h
  Note: including file:       C:\Program Files (x86)\Windows Kits\10\Include\10.0.22000.0\shared\poppack.h
  Note: including file:      C:\Program Files (x86)\Windows Kits\10\Include\10.0.22000.0\shared\poppack.h
  Note: including file:     C:\Program Files (x86)\Windows Kits\10\Include\10.0.22000.0\um\commdlg.h
  Note: including file:      C:\Program Files (x86)\Windows Kits\10\Include\10.0.22000.0\um\prsht.h
  Note: including file:     C:\Program Files (x86)\Windows Kits\10\Include\10.0.22000.0\shared\stralign.h
  Note: including file:     C:\Program Files (x86)\Windows Kits\10\Include\10.0.22000.0\um\winsvc.h
  Note: including file:     C:\Program Files (x86)\Windows Kits\10\Include\10.0.22000.0\um\mcx.h
  Note: including file:     C:\Program Files (x86)\Windows Kits\10\Include\10.0.22000.0\um\imm.h
  Note: including file:      C:\Program Files (x86)\Windows Kits\10\Include\10.0.22000.0\um\ime_cmodes.h
  Note: including file:    C:\Program Files\Microsoft Visual Studio\2022\Community\VC\Tools\MSVC\14.36.32532\include\iostream
D:\Github\Accountant-2.0\PersistanceLayer\Database\Source\DatabaseController.cpp(8,2): warning C4003: not enough arguments for function-like macro invocation 'NOT_IMPLEMENTED'
D:\Github\Accountant-2.0\PersistanceLayer\Database\Source\DatabaseController.cpp(13,2): warning C4003: not enough arguments for function-like macro invocation 'NOT_IMPLEMENTED'
D:\Github\Accountant-2.0\PersistanceLayer\Database\Source\DatabaseController.cpp(18,2): warning C4003: not enough arguments for function-like macro invocation 'NOT_IMPLEMENTED'
D:\Github\Accountant-2.0\PersistanceLayer\Database\Source\DatabaseController.cpp(23,2): warning C4003: not enough arguments for function-like macro invocation 'NOT_IMPLEMENTED'
D:\Github\Accountant-2.0\PersistanceLayer\Database\Source\DatabaseController.cpp(39,95): warning C4267: 'argument': conversion from 'size_t' to 'int', possible loss of data
D:\Github\Accountant-2.0\PersistanceLayer\Database\Source\DatabaseController.cpp(72,95): warning C4267: 'argument': conversion from 'size_t' to 'int', possible loss of data
D:\Github\Accountant-2.0\PersistanceLayer\Database\Source\DatabaseController.cpp(147,95): warning C4267: 'argument': conversion from 'size_t' to 'int', possible loss of data
D:\Github\Accountant-2.0\PersistanceLayer\Database\Source\DatabaseController.cpp(180,95): warning C4267: 'argument': conversion from 'size_t' to 'int', possible loss of data
D:\Github\Accountant-2.0\PersistanceLayer\Database\Source\DatabaseController.cpp(419,101): warning C4267: 'argument': conversion from 'size_t' to 'int', possible loss of data
D:\Github\Accountant-2.0\PersistanceLayer\Database\Source\DatabaseController.cpp(495,58): warning C4267: 'initializing': conversion from 'size_t' to 'int', possible loss of data
D:\Github\Accountant-2.0\PersistanceLayer\Database\Source\DatabaseController.cpp(495,24): warning C4267: 'initializing': conversion from 'size_t' to 'const int', possible loss of data
D:\Github\Accountant-2.0\PersistanceLayer\Database\Source\DatabaseController.cpp(521,2): error C2280: 'Database::TableLine::TableLine(const Database::TableLine &)': attempting to reference a deleted function
D:\Github\Accountant-2.0\PersistanceLayer\Database\DatabaseController.h(84,2): message : compiler has generated 'Database::TableLine::TableLine' here
D:\Github\Accountant-2.0\PersistanceLayer\Database\DatabaseController.h(84,2): message : 'Database::TableLine::TableLine(const Database::TableLine &)': function was implicitly deleted because a data member invokes a deleted or inaccessible function 'SecureMulticastDelegate<Database::TableLine,const Database::TableLine &>::SecureMulticastDelegate(const SecureMulticastDelegate<Database::TableLine,const Database::TableLine &> &)'
D:\Github\Accountant-2.0\External Libraries\Delegates\Delegate.h(56,2): message : 'SecureMulticastDelegate<Database::TableLine,const Database::TableLine &>::SecureMulticastDelegate(const SecureMulticastDelegate<Database::TableLine,const Database::TableLine &> &)': function was explicitly deleted
  Main.cpp
  Note: including file: C:\Program Files\Microsoft Visual Studio\2022\Community\VC\Tools\MSVC\14.36.32532\include\iostream
  Note: including file:  C:\Program Files\Microsoft Visual Studio\2022\Community\VC\Tools\MSVC\14.36.32532\include\yvals_core.h
  Note: including file:   C:\Program Files\Microsoft Visual Studio\2022\Community\VC\Tools\MSVC\14.36.32532\include\vcruntime.h
  Note: including file:    C:\Program Files\Microsoft Visual Studio\2022\Community\VC\Tools\MSVC\14.36.32532\include\sal.h
  Note: including file:     C:\Program Files\Microsoft Visual Studio\2022\Community\VC\Tools\MSVC\14.36.32532\include\concurrencysal.h
  Note: including file:    C:\Program Files\Microsoft Visual Studio\2022\Community\VC\Tools\MSVC\14.36.32532\include\vadefs.h
  Note: including file:   C:\Program Files\Microsoft Visual Studio\2022\Community\VC\Tools\MSVC\14.36.32532\include\xkeycheck.h
  Note: including file:  C:\Program Files\Microsoft Visual Studio\2022\Community\VC\Tools\MSVC\14.36.32532\include\istream
  Note: including file:   C:\Program Files\Microsoft Visual Studio\2022\Community\VC\Tools\MSVC\14.36.32532\include\ostream
  Note: including file:    C:\Program Files\Microsoft Visual Studio\2022\Community\VC\Tools\MSVC\14.36.32532\include\ios
  Note: including file:     C:\Program Files\Microsoft Visual Studio\2022\Community\VC\Tools\MSVC\14.36.32532\include\xlocnum
  Note: including file:      C:\Program Files\Microsoft Visual Studio\2022\Community\VC\Tools\MSVC\14.36.32532\include\climits
  Note: including file:       C:\Program Files\Microsoft Visual Studio\2022\Community\VC\Tools\MSVC\14.36.32532\include\limits.h
  Note: including file:      C:\Program Files\Microsoft Visual Studio\2022\Community\VC\Tools\MSVC\14.36.32532\include\cmath
  Note: including file:       C:\Program Files\Microsoft Visual Studio\2022\Community\VC\Tools\MSVC\14.36.32532\include\yvals.h
  Note: including file:        C:\Program Files (x86)\Windows Kits\10\Include\10.0.22000.0\ucrt\crtdbg.h
  Note: including file:         C:\Program Files (x86)\Windows Kits\10\Include\10.0.22000.0\ucrt\corecrt.h
  Note: including file:         C:\Program Files\Microsoft Visual Studio\2022\Community\VC\Tools\MSVC\14.36.32532\include\vcruntime_new_debug.h
  Note: including file:          C:\Program Files\Microsoft Visual Studio\2022\Community\VC\Tools\MSVC\14.36.32532\include\vcruntime_new.h
  Note: including file:        C:\Program Files\Microsoft Visual Studio\2022\Community\VC\Tools\MSVC\14.36.32532\include\crtdefs.h
  Note: including file:        C:\Program Files\Microsoft Visual Studio\2022\Community\VC\Tools\MSVC\14.36.32532\include\use_ansi.h
  Note: including file:       C:\Program Files\Microsoft Visual Studio\2022\Community\VC\Tools\MSVC\14.36.32532\include\cstdlib
  Note: including file:        C:\Program Files (x86)\Windows Kits\10\Include\10.0.22000.0\ucrt\math.h
  Note: including file:         C:\Program Files (x86)\Windows Kits\10\Include\10.0.22000.0\ucrt\corecrt_math.h
  Note: including file:        C:\Program Files (x86)\Windows Kits\10\Include\10.0.22000.0\ucrt\stdlib.h
  Note: including file:         C:\Program Files (x86)\Windows Kits\10\Include\10.0.22000.0\ucrt\corecrt_malloc.h
  Note: including file:         C:\Program Files (x86)\Windows Kits\10\Include\10.0.22000.0\ucrt\corecrt_search.h
  Note: including file:          C:\Program Files (x86)\Windows Kits\10\Include\10.0.22000.0\ucrt\stddef.h
  Note: including file:         C:\Program Files (x86)\Windows Kits\10\Include\10.0.22000.0\ucrt\corecrt_wstdlib.h
  Note: including file:       C:\Program Files\Microsoft Visual Studio\2022\Community\VC\Tools\MSVC\14.36.32532\include\xtr1common
  Note: including file:       C:\Program Files\Microsoft Visual Studio\2022\Community\VC\Tools\MSVC\14.36.32532\include\intrin0.h
  Note: including file:        C:\Program Files\Microsoft Visual Studio\2022\Community\VC\Tools\MSVC\14.36.32532\include\intrin0.inl.h
  Note: including file:       C:\Program Files\Microsoft Visual Studio\2022\Community\VC\Tools\MSVC\14.36.32532\include\xutility
  Note: including file:        C:\Program Files\Microsoft Visual Studio\2022\Community\VC\Tools\MSVC\14.36.32532\include\__msvc_iter_core.hpp
  Note: including file:         C:\Program Files\Microsoft Visual Studio\2022\Community\VC\Tools\MSVC\14.36.32532\include\utility
  Note: including file:          C:\Program Files\Microsoft Visual Studio\2022\Community\VC\Tools\MSVC\14.36.32532\include\type_traits
  Note: including file:           C:\Program Files\Microsoft Visual Studio\2022\Community\VC\Tools\MSVC\14.36.32532\include\cstdint
  Note: including file:            C:\Program Files\Microsoft Visual Studio\2022\Community\VC\Tools\MSVC\14.36.32532\include\stdint.h
  Note: including file:           C:\Program Files\Microsoft Visual Studio\2022\Community\VC\Tools\MSVC\14.36.32532\include\xstddef
  Note: including file:            C:\Program Files\Microsoft Visual Studio\2022\Community\VC\Tools\MSVC\14.36.32532\include\cstddef
  Note: including file:            C:\Program Files\Microsoft Visual Studio\2022\Community\VC\Tools\MSVC\14.36.32532\include\initializer_list
  Note: including file:          C:\Program Files\Microsoft Visual Studio\2022\Community\VC\Tools\MSVC\14.36.32532\include\concepts
  Note: including file:          C:\Program Files\Microsoft Visual Studio\2022\Community\VC\Tools\MSVC\14.36.32532\include\compare
  Note: including file:           C:\Program Files\Microsoft Visual Studio\2022\Community\VC\Tools\MSVC\14.36.32532\include\bit
  Note: including file:            C:\Program Files\Microsoft Visual Studio\2022\Community\VC\Tools\MSVC\14.36.32532\include\isa_availability.h
  Note: including file:            C:\Program Files\Microsoft Visual Studio\2022\Community\VC\Tools\MSVC\14.36.32532\include\limits
  Note: including file:             C:\Program Files\Microsoft Visual Studio\2022\Community\VC\Tools\MSVC\14.36.32532\include\cfloat
  Note: including file:              C:\Program Files (x86)\Windows Kits\10\Include\10.0.22000.0\ucrt\float.h
  Note: including file:             C:\Program Files\Microsoft Visual Studio\2022\Community\VC\Tools\MSVC\14.36.32532\include\cwchar
  Note: including file:              C:\Program Files\Microsoft Visual Studio\2022\Community\VC\Tools\MSVC\14.36.32532\include\cstdio
  Note: including file:               C:\Program Files (x86)\Windows Kits\10\Include\10.0.22000.0\ucrt\stdio.h
  Note: including file:                C:\Program Files (x86)\Windows Kits\10\Include\10.0.22000.0\ucrt\corecrt_wstdio.h
  Note: including file:                 C:\Program Files (x86)\Windows Kits\10\Include\10.0.22000.0\ucrt\corecrt_stdio_config.h
  Note: including file:              C:\Program Files (x86)\Windows Kits\10\Include\10.0.22000.0\ucrt\wchar.h
  Note: including file:               C:\Program Files (x86)\Windows Kits\10\Include\10.0.22000.0\ucrt\corecrt_memcpy_s.h
  Note: including file:                C:\Program Files (x86)\Windows Kits\10\Include\10.0.22000.0\ucrt\errno.h
  Note: including file:                C:\Program Files\Microsoft Visual Studio\2022\Community\VC\Tools\MSVC\14.36.32532\include\vcruntime_string.h
  Note: including file:               C:\Program Files (x86)\Windows Kits\10\Include\10.0.22000.0\ucrt\corecrt_wconio.h
  Note: including file:               C:\Program Files (x86)\Windows Kits\10\Include\10.0.22000.0\ucrt\corecrt_wctype.h
  Note: including file:               C:\Program Files (x86)\Windows Kits\10\Include\10.0.22000.0\ucrt\corecrt_wdirect.h
  Note: including file:               C:\Program Files (x86)\Windows Kits\10\Include\10.0.22000.0\ucrt\corecrt_wio.h
  Note: including file:                C:\Program Files (x86)\Windows Kits\10\Include\10.0.22000.0\ucrt\corecrt_share.h
  Note: including file:               C:\Program Files (x86)\Windows Kits\10\Include\10.0.22000.0\ucrt\corecrt_wprocess.h
  Note: including file:               C:\Program Files (x86)\Windows Kits\10\Include\10.0.22000.0\ucrt\corecrt_wstring.h
  Note: including file:               C:\Program Files (x86)\Windows Kits\10\Include\10.0.22000.0\ucrt\corecrt_wtime.h
  Note: including file:               C:\Program Files (x86)\Windows Kits\10\Include\10.0.22000.0\ucrt\sys/stat.h
  Note: including file:                C:\Program Files (x86)\Windows Kits\10\Include\10.0.22000.0\ucrt\sys/types.h
  Note: including file:        C:\Program Files\Microsoft Visual Studio\2022\Community\VC\Tools\MSVC\14.36.32532\include\cstring
  Note: including file:         C:\Program Files (x86)\Windows Kits\10\Include\10.0.22000.0\ucrt\string.h
  Note: including file:          C:\Program Files (x86)\Windows Kits\10\Include\10.0.22000.0\ucrt\corecrt_memory.h
  Note: including file:      C:\Program Files\Microsoft Visual Studio\2022\Community\VC\Tools\MSVC\14.36.32532\include\iterator
  Note: including file:       C:\Program Files\Microsoft Visual Studio\2022\Community\VC\Tools\MSVC\14.36.32532\include\iosfwd
  Note: including file:      C:\Program Files\Microsoft Visual Studio\2022\Community\VC\Tools\MSVC\14.36.32532\include\streambuf
  Note: including file:       C:\Program Files\Microsoft Visual Studio\2022\Community\VC\Tools\MSVC\14.36.32532\include\xiosbase
  Note: including file:        C:\Program Files (x86)\Windows Kits\10\Include\10.0.22000.0\ucrt\share.h
  Note: including file:        C:\Program Files\Microsoft Visual Studio\2022\Community\VC\Tools\MSVC\14.36.32532\include\system_error
  Note: including file:         C:\Program Files\Microsoft Visual Studio\2022\Community\VC\Tools\MSVC\14.36.32532\include\__msvc_system_error_abi.hpp
  Note: including file:         C:\Program Files\Microsoft Visual Studio\2022\Community\VC\Tools\MSVC\14.36.32532\include\cerrno
  Note: including file:         C:\Program Files\Microsoft Visual Studio\2022\Community\VC\Tools\MSVC\14.36.32532\include\stdexcept
  Note: including file:          C:\Program Files\Microsoft Visual Studio\2022\Community\VC\Tools\MSVC\14.36.32532\include\exception
  Note: including file:           C:\Program Files (x86)\Windows Kits\10\Include\10.0.22000.0\ucrt\malloc.h
  Note: including file:           C:\Program Files\Microsoft Visual Studio\2022\Community\VC\Tools\MSVC\14.36.32532\include\vcruntime_exception.h
  Note: including file:            C:\Program Files\Microsoft Visual Studio\2022\Community\VC\Tools\MSVC\14.36.32532\include\eh.h
  Note: including file:             C:\Program Files (x86)\Windows Kits\10\Include\10.0.22000.0\ucrt\corecrt_terminate.h
  Note: including file:          C:\Program Files\Microsoft Visual Studio\2022\Community\VC\Tools\MSVC\14.36.32532\include\xstring
  Note: including file:           C:\Program Files\Microsoft Visual Studio\2022\Community\VC\Tools\MSVC\14.36.32532\include\xmemory
  Note: including file:            C:\Program Files\Microsoft Visual Studio\2022\Community\VC\Tools\MSVC\14.36.32532\include\new
  Note: including file:            C:\Program Files\Microsoft Visual Studio\2022\Community\VC\Tools\MSVC\14.36.32532\include\xatomic.h
  Note: including file:            C:\Program Files\Microsoft Visual Studio\2022\Community\VC\Tools\MSVC\14.36.32532\include\tuple
  Note: including file:           C:\Program Files\Microsoft Visual Studio\2022\Community\VC\Tools\MSVC\14.36.32532\include\xpolymorphic_allocator.h
  Note: including file:           C:\Program Files\Microsoft Visual Studio\2022\Community\VC\Tools\MSVC\14.36.32532\include\__msvc_sanitizer_annotate_container.hpp
  Note: including file:         C:\Program Files\Microsoft Visual Studio\2022\Community\VC\Tools\MSVC\14.36.32532\include\xcall_once.h
  Note: including file:         C:\Program Files\Microsoft Visual Studio\2022\Community\VC\Tools\MSVC\14.36.32532\include\xerrc.h
  Note: including file:         C:\Program Files\Microsoft Visual Studio\2022\Community\VC\Tools\MSVC\14.36.32532\include\atomic
  Note: including file:          C:\Program Files\Microsoft Visual Studio\2022\Community\VC\Tools\MSVC\14.36.32532\include\xatomic_wait.h
  Note: including file:          C:\Program Files\Microsoft Visual Studio\2022\Community\VC\Tools\MSVC\14.36.32532\include\xthreads.h
  Note: including file:           C:\Program Files\Microsoft Visual Studio\2022\Community\VC\Tools\MSVC\14.36.32532\include\xtimec.h
  Note: including file:            C:\Program Files\Microsoft Visual Studio\2022\Community\VC\Tools\MSVC\14.36.32532\include\ctime
  Note: including file:             C:\Program Files (x86)\Windows Kits\10\Include\10.0.22000.0\ucrt\time.h
  Note: including file:        C:\Program Files\Microsoft Visual Studio\2022\Community\VC\Tools\MSVC\14.36.32532\include\xlocale
  Note: including file:         C:\Program Files\Microsoft Visual Studio\2022\Community\VC\Tools\MSVC\14.36.32532\include\memory
  Note: including file:          C:\Program Files\Microsoft Visual Studio\2022\Community\VC\Tools\MSVC\14.36.32532\include\typeinfo
  Note: including file:           C:\Program Files\Microsoft Visual Studio\2022\Community\VC\Tools\MSVC\14.36.32532\include\vcruntime_typeinfo.h
  Note: including file:         C:\Program Files\Microsoft Visual Studio\2022\Community\VC\Tools\MSVC\14.36.32532\include\xfacet
  Note: including file:         C:\Program Files\Microsoft Visual Studio\2022\Community\VC\Tools\MSVC\14.36.32532\include\xlocinfo
  Note: including file:          C:\Program Files\Microsoft Visual Studio\2022\Community\VC\Tools\MSVC\14.36.32532\include\__msvc_xlocinfo_types.hpp
  Note: including file:          C:\Program Files\Microsoft Visual Studio\2022\Community\VC\Tools\MSVC\14.36.32532\include\cctype
  Note: including file:           C:\Program Files (x86)\Windows Kits\10\Include\10.0.22000.0\ucrt\ctype.h
  Note: including file:          C:\Program Files\Microsoft Visual Studio\2022\Community\VC\Tools\MSVC\14.36.32532\include\clocale
  Note: including file:           C:\Program Files (x86)\Windows Kits\10\Include\10.0.22000.0\ucrt\locale.h
  Note: including file: D:\Github\Accountant-2.0\ServicesLayer\Launcher\..\..\PersistanceLayer\Config\Initialization\IniSection.h
  Note: including file:  C:\Program Files\Microsoft Visual Studio\2022\Community\VC\Tools\MSVC\14.36.32532\include\vector
  Note: including file:  C:\Program Files\Microsoft Visual Studio\2022\Community\VC\Tools\MSVC\14.36.32532\include\string
  Note: including file:  C:\Program Files\Microsoft Visual Studio\2022\Community\VC\Tools\MSVC\14.36.32532\include\unordered_set
  Note: including file:   C:\Program Files\Microsoft Visual Studio\2022\Community\VC\Tools\MSVC\14.36.32532\include\xhash
  Note: including file:    C:\Program Files\Microsoft Visual Studio\2022\Community\VC\Tools\MSVC\14.36.32532\include\list
  Note: including file:    C:\Program Files\Microsoft Visual Studio\2022\Community\VC\Tools\MSVC\14.36.32532\include\xbit_ops.h
  Note: including file:    C:\Program Files\Microsoft Visual Studio\2022\Community\VC\Tools\MSVC\14.36.32532\include\xnode_handle.h
  Note: including file:  C:\Program Files\Microsoft Visual Studio\2022\Community\VC\Tools\MSVC\14.36.32532\include\any
  Note: including file: D:\Github\Accountant-2.0\ServicesLayer\Launcher\..\..\PersistanceLayer\Config\Initialization\External Libraries\INIReader\IniReader.h
  Note: including file:  C:\Program Files\Microsoft Visual Studio\2022\Community\VC\Tools\MSVC\14.36.32532\include\set
  Note: including file:   C:\Program Files\Microsoft Visual Studio\2022\Community\VC\Tools\MSVC\14.36.32532\include\xtree
  Note: including file:  C:\Program Files\Microsoft Visual Studio\2022\Community\VC\Tools\MSVC\14.36.32532\include\map
  Note: including file:  C:\Program Files\Microsoft Visual Studio\2022\Community\VC\Tools\MSVC\14.36.32532\include\filesystem
  Note: including file:   C:\Program Files\Microsoft Visual Studio\2022\Community\VC\Tools\MSVC\14.36.32532\include\algorithm
  Note: including file:   C:\Program Files\Microsoft Visual Studio\2022\Community\VC\Tools\MSVC\14.36.32532\include\chrono
  Note: including file:    C:\Program Files\Microsoft Visual Studio\2022\Community\VC\Tools\MSVC\14.36.32532\include\__msvc_chrono.hpp
  Note: including file:     C:\Program Files\Microsoft Visual Studio\2022\Community\VC\Tools\MSVC\14.36.32532\include\ratio
  Note: including file:    C:\Program Files\Microsoft Visual Studio\2022\Community\VC\Tools\MSVC\14.36.32532\include\xfilesystem_abi.h
  Note: including file:    C:\Program Files\Microsoft Visual Studio\2022\Community\VC\Tools\MSVC\14.36.32532\include\__msvc_tzdb.hpp
  Note: including file:    C:\Program Files\Microsoft Visual Studio\2022\Community\VC\Tools\MSVC\14.36.32532\include\forward_list
  Note: including file:    C:\Program Files\Microsoft Visual Studio\2022\Community\VC\Tools\MSVC\14.36.32532\include\optional
  Note: including file:     C:\Program Files\Microsoft Visual Studio\2022\Community\VC\Tools\MSVC\14.36.32532\include\xsmf_control.h
  Note: including file:    C:\Program Files\Microsoft Visual Studio\2022\Community\VC\Tools\MSVC\14.36.32532\include\sstream
  Note: including file:    C:\Program Files\Microsoft Visual Studio\2022\Community\VC\Tools\MSVC\14.36.32532\include\xloctime
  Note: including file:    C:\Program Files\Microsoft Visual Studio\2022\Community\VC\Tools\MSVC\14.36.32532\include\format
  Note: including file:     C:\Program Files\Microsoft Visual Studio\2022\Community\VC\Tools\MSVC\14.36.32532\include\__msvc_format_ucd_tables.hpp
  Note: including file:     C:\Program Files\Microsoft Visual Studio\2022\Community\VC\Tools\MSVC\14.36.32532\include\charconv
  Note: including file:      C:\Program Files\Microsoft Visual Studio\2022\Community\VC\Tools\MSVC\14.36.32532\include\xcharconv.h
  Note: including file:      C:\Program Files\Microsoft Visual Studio\2022\Community\VC\Tools\MSVC\14.36.32532\include\xcharconv_ryu.h
  Note: including file:       C:\Program Files\Microsoft Visual Studio\2022\Community\VC\Tools\MSVC\14.36.32532\include\xcharconv_ryu_tables.h
  Note: including file:      C:\Program Files\Microsoft Visual Studio\2022\Community\VC\Tools\MSVC\14.36.32532\include\xcharconv_tables.h
  Note: including file:     C:\Program Files\Microsoft Visual Studio\2022\Community\VC\Tools\MSVC\14.36.32532\include\locale
  Note: including file:      C:\Program Files\Microsoft Visual Studio\2022\Community\VC\Tools\MSVC\14.36.32532\include\xlocbuf
  Note: including file:      C:\Program Files\Microsoft Visual Studio\2022\Community\VC\Tools\MSVC\14.36.32532\include\xlocmes
  Note: including file:      C:\Program Files\Microsoft Visual Studio\2022\Community\VC\Tools\MSVC\14.36.32532\include\xlocmon
  Note: including file:     C:\Program Files\Microsoft Visual Studio\2022\Community\VC\Tools\MSVC\14.36.32532\include\mutex
  Note: including file:      C:\Program Files\Microsoft Visual Studio\2022\Community\VC\Tools\MSVC\14.36.32532\include\thread
  Note: including file:       C:\Program Files (x86)\Windows Kits\10\Include\10.0.22000.0\ucrt\process.h
  Note: including file:        C:\Program Files (x86)\Windows Kits\10\Include\10.0.22000.0\ucrt\corecrt_startup.h
  Note: including file:         C:\Program Files (x86)\Windows Kits\10\Include\10.0.22000.0\ucrt\math.h
  Note: including file:         C:\Program Files\Microsoft Visual Studio\2022\Community\VC\Tools\MSVC\14.36.32532\include\vcruntime_startup.h
  Note: including file:       C:\Program Files\Microsoft Visual Studio\2022\Community\VC\Tools\MSVC\14.36.32532\include\stop_token
  Note: including file:    C:\Program Files\Microsoft Visual Studio\2022\Community\VC\Tools\MSVC\14.36.32532\include\iomanip
  Note: including file:  D:\Github\Accountant-2.0\PersistanceLayer\Config\Initialization\External Libraries\INIReader\..\..\IniData.h
  Note: including file: D:\Github\Accountant-2.0\ServicesLayer\Launcher\..\..\PersistanceLayer\Database\DatabaseController.h
  Note: including file:  C:\Program Files\Microsoft Visual Studio\2022\Community\VC\Tools\MSVC\14.36.32532\include\unordered_map
  Note: including file:  D:\Github\Accountant-2.0\PersistanceLayer\Database\External Libraries\SQLite\sqlite3.h
  Note: including file:   C:\Program Files\Microsoft Visual Studio\2022\Community\VC\Tools\MSVC\14.36.32532\include\stdarg.h
  Note: including file:  D:\Github\Accountant-2.0\PersistanceLayer\Database\..\..\External Libraries\Delegates\Delegate.h
  Note: including file:   C:\Program Files\Microsoft Visual Studio\2022\Community\VC\Tools\MSVC\14.36.32532\include\functional
  Note: including file:   D:\Github\Accountant-2.0\External Libraries\Delegates\..\Debug\Macros.h
  Note: including file:    C:\Program Files (x86)\Windows Kits\10\Include\10.0.22000.0\um\windows.h
  Note: including file:     C:\Program Files (x86)\Windows Kits\10\Include\10.0.22000.0\shared\winapifamily.h
  Note: including file:      C:\Program Files (x86)\Windows Kits\10\Include\10.0.22000.0\shared\winpackagefamily.h
  Note: including file:     C:\Program Files (x86)\Windows Kits\10\Include\10.0.22000.0\shared\sdkddkver.h
  Note: including file:     C:\Program Files\Microsoft Visual Studio\2022\Community\VC\Tools\MSVC\14.36.32532\include\excpt.h
  Note: including file:     C:\Program Files (x86)\Windows Kits\10\Include\10.0.22000.0\shared\windef.h
  Note: including file:      C:\Program Files (x86)\Windows Kits\10\Include\10.0.22000.0\shared\minwindef.h
  Note: including file:       C:\Program Files (x86)\Windows Kits\10\Include\10.0.22000.0\shared\specstrings.h
  Note: including file:        C:\Program Files (x86)\Windows Kits\10\Include\10.0.22000.0\shared\specstrings_strict.h
  Note: including file:         C:\Program Files (x86)\Windows Kits\10\Include\10.0.22000.0\shared\specstrings_undef.h
  Note: including file:        C:\Program Files (x86)\Windows Kits\10\Include\10.0.22000.0\shared\driverspecs.h
  Note: including file:         C:\Program Files (x86)\Windows Kits\10\Include\10.0.22000.0\shared\sdv_driverspecs.h
  Note: including file:       C:\Program Files (x86)\Windows Kits\10\Include\10.0.22000.0\um\winnt.h
  Note: including file:        C:\Program Files (x86)\Windows Kits\10\Include\10.0.22000.0\shared\kernelspecs.h
  Note: including file:        C:\Program Files (x86)\Windows Kits\10\Include\10.0.22000.0\shared\basetsd.h
  Note: including file:        C:\Program Files (x86)\Windows Kits\10\Include\10.0.22000.0\shared\guiddef.h
  Note: including file:        C:\Program Files (x86)\Windows Kits\10\Include\10.0.22000.0\shared\pshpack4.h
  Note: including file:        C:\Program Files (x86)\Windows Kits\10\Include\10.0.22000.0\shared\poppack.h
  Note: including file:        C:\Program Files (x86)\Windows Kits\10\Include\10.0.22000.0\shared\pshpack4.h
  Note: including file:        C:\Program Files (x86)\Windows Kits\10\Include\10.0.22000.0\shared\poppack.h
  Note: including file:        C:\Program Files (x86)\Windows Kits\10\Include\10.0.22000.0\shared\pshpack4.h
  Note: including file:        C:\Program Files (x86)\Windows Kits\10\Include\10.0.22000.0\shared\pshpack2.h
  Note: including file:        C:\Program Files (x86)\Windows Kits\10\Include\10.0.22000.0\shared\poppack.h
  Note: including file:        C:\Program Files (x86)\Windows Kits\10\Include\10.0.22000.0\shared\pshpack2.h
  Note: including file:        C:\Program Files (x86)\Windows Kits\10\Include\10.0.22000.0\shared\pshpack2.h
  Note: including file:        C:\Program Files (x86)\Windows Kits\10\Include\10.0.22000.0\shared\poppack.h
  Note: including file:        C:\Program Files (x86)\Windows Kits\10\Include\10.0.22000.0\shared\poppack.h
  Note: including file:        C:\Program Files (x86)\Windows Kits\10\Include\10.0.22000.0\shared\pshpack8.h
  Note: including file:        C:\Program Files (x86)\Windows Kits\10\Include\10.0.22000.0\shared\poppack.h
  Note: including file:        C:\Program Files (x86)\Windows Kits\10\Include\10.0.22000.0\shared\pshpack1.h
  Note: including file:        C:\Program Files (x86)\Windows Kits\10\Include\10.0.22000.0\shared\poppack.h
  Note: including file:        C:\Program Files (x86)\Windows Kits\10\Include\10.0.22000.0\shared\pshpack1.h
  Note: including file:        C:\Program Files (x86)\Windows Kits\10\Include\10.0.22000.0\shared\poppack.h
  Note: including file:        C:\Program Files (x86)\Windows Kits\10\Include\10.0.22000.0\shared\poppack.h
  Note: including file:        C:\Program Files (x86)\Windows Kits\10\Include\10.0.22000.0\shared\apiset.h
  Note: including file:        C:\Program Files (x86)\Windows Kits\10\Include\10.0.22000.0\shared\ktmtypes.h
  Note: including file:     C:\Program Files (x86)\Windows Kits\10\Include\10.0.22000.0\um\winbase.h
  Note: including file:      C:\Program Files (x86)\Windows Kits\10\Include\10.0.22000.0\shared\apisetcconv.h
  Note: including file:      C:\Program Files (x86)\Windows Kits\10\Include\10.0.22000.0\um\minwinbase.h
  Note: including file:      C:\Program Files (x86)\Windows Kits\10\Include\10.0.22000.0\um\apiquery2.h
  Note: including file:      C:\Program Files (x86)\Windows Kits\10\Include\10.0.22000.0\um\processenv.h
  Note: including file:      C:\Program Files (x86)\Windows Kits\10\Include\10.0.22000.0\um\fileapifromapp.h
  Note: including file:       C:\Program Files (x86)\Windows Kits\10\Include\10.0.22000.0\um\fileapi.h
  Note: including file:      C:\Program Files (x86)\Windows Kits\10\Include\10.0.22000.0\um\debugapi.h
  Note: including file:      C:\Program Files (x86)\Windows Kits\10\Include\10.0.22000.0\um\utilapiset.h
  Note: including file:      C:\Program Files (x86)\Windows Kits\10\Include\10.0.22000.0\um\handleapi.h
  Note: including file:      C:\Program Files (x86)\Windows Kits\10\Include\10.0.22000.0\um\errhandlingapi.h
  Note: including file:      C:\Program Files (x86)\Windows Kits\10\Include\10.0.22000.0\um\fibersapi.h
  Note: including file:      C:\Program Files (x86)\Windows Kits\10\Include\10.0.22000.0\um\namedpipeapi.h
  Note: including file:      C:\Program Files (x86)\Windows Kits\10\Include\10.0.22000.0\um\profileapi.h
  Note: including file:      C:\Program Files (x86)\Windows Kits\10\Include\10.0.22000.0\um\heapapi.h
  Note: including file:      C:\Program Files (x86)\Windows Kits\10\Include\10.0.22000.0\um\ioapiset.h
  Note: including file:      C:\Program Files (x86)\Windows Kits\10\Include\10.0.22000.0\um\synchapi.h
  Note: including file:      C:\Program Files (x86)\Windows Kits\10\Include\10.0.22000.0\um\interlockedapi.h
  Note: including file:      C:\Program Files (x86)\Windows Kits\10\Include\10.0.22000.0\um\processthreadsapi.h
  Note: including file:      C:\Program Files (x86)\Windows Kits\10\Include\10.0.22000.0\um\sysinfoapi.h
  Note: including file:      C:\Program Files (x86)\Windows Kits\10\Include\10.0.22000.0\um\memoryapi.h
  Note: including file:      C:\Program Files (x86)\Windows Kits\10\Include\10.0.22000.0\um\enclaveapi.h
  Note: including file:      C:\Program Files (x86)\Windows Kits\10\Include\10.0.22000.0\um\threadpoollegacyapiset.h
  Note: including file:      C:\Program Files (x86)\Windows Kits\10\Include\10.0.22000.0\um\threadpoolapiset.h
  Note: including file:      C:\Program Files (x86)\Windows Kits\10\Include\10.0.22000.0\um\jobapi.h
  Note: including file:      C:\Program Files (x86)\Windows Kits\10\Include\10.0.22000.0\um\jobapi2.h
  Note: including file:      C:\Program Files (x86)\Windows Kits\10\Include\10.0.22000.0\um\wow64apiset.h
  Note: including file:      C:\Program Files (x86)\Windows Kits\10\Include\10.0.22000.0\um\libloaderapi.h
  Note: including file:      C:\Program Files (x86)\Windows Kits\10\Include\10.0.22000.0\um\securitybaseapi.h
  Note: including file:      C:\Program Files (x86)\Windows Kits\10\Include\10.0.22000.0\um\namespaceapi.h
  Note: including file:      C:\Program Files (x86)\Windows Kits\10\Include\10.0.22000.0\um\systemtopologyapi.h
  Note: including file:      C:\Program Files (x86)\Windows Kits\10\Include\10.0.22000.0\um\processtopologyapi.h
  Note: including file:      C:\Program Files (x86)\Windows Kits\10\Include\10.0.22000.0\um\securityappcontainer.h
  Note: including file:      C:\Program Files (x86)\Windows Kits\10\Include\10.0.22000.0\um\realtimeapiset.h
  Note: including file:      C:\Program Files (x86)\Windows Kits\10\Include\10.0.22000.0\shared\winerror.h
  Note: including file:      C:\Program Files (x86)\Windows Kits\10\Include\10.0.22000.0\um\timezoneapi.h
  Note: including file:     C:\Program Files (x86)\Windows Kits\10\Include\10.0.22000.0\um\wingdi.h
  Note: including file:      C:\Program Files (x86)\Windows Kits\10\Include\10.0.22000.0\shared\pshpack1.h
  Note: including file:      C:\Program Files (x86)\Windows Kits\10\Include\10.0.22000.0\shared\poppack.h
  Note: including file:      C:\Program Files (x86)\Windows Kits\10\Include\10.0.22000.0\shared\pshpack2.h
  Note: including file:      C:\Program Files (x86)\Windows Kits\10\Include\10.0.22000.0\shared\poppack.h
  Note: including file:      C:\Program Files (x86)\Windows Kits\10\Include\10.0.22000.0\shared\pshpack2.h
  Note: including file:      C:\Program Files (x86)\Windows Kits\10\Include\10.0.22000.0\shared\poppack.h
  Note: including file:      C:\Program Files (x86)\Windows Kits\10\Include\10.0.22000.0\shared\pshpack4.h
  Note: including file:      C:\Program Files (x86)\Windows Kits\10\Include\10.0.22000.0\shared\poppack.h
  Note: including file:      C:\Program Files (x86)\Windows Kits\10\Include\10.0.22000.0\shared\pshpack4.h
  Note: including file:      C:\Program Files (x86)\Windows Kits\10\Include\10.0.22000.0\shared\poppack.h
  Note: including file:     C:\Program Files (x86)\Windows Kits\10\Include\10.0.22000.0\um\winuser.h
  Note: including file:      C:\Program Files (x86)\Windows Kits\10\Include\10.0.22000.0\shared\pshpack2.h
  Note: including file:      C:\Program Files (x86)\Windows Kits\10\Include\10.0.22000.0\shared\poppack.h
  Note: including file:      C:\Program Files (x86)\Windows Kits\10\Include\10.0.22000.0\shared\tvout.h
  Note: including file:     C:\Program Files (x86)\Windows Kits\10\Include\10.0.22000.0\um\winnls.h
  Note: including file:      C:\Program Files (x86)\Windows Kits\10\Include\10.0.22000.0\um\datetimeapi.h
  Note: including file:      C:\Program Files (x86)\Windows Kits\10\Include\10.0.22000.0\um\stringapiset.h
  Note: including file:       C:\Program Files (x86)\Windows Kits\10\Include\10.0.22000.0\um\winnls.h
  Note: including file:     C:\Program Files (x86)\Windows Kits\10\Include\10.0.22000.0\um\wincon.h
  Note: including file:      C:\Program Files (x86)\Windows Kits\10\Include\10.0.22000.0\um\wincontypes.h
  Note: including file:      C:\Program Files (x86)\Windows Kits\10\Include\10.0.22000.0\um\consoleapi.h
  Note: including file:      C:\Program Files (x86)\Windows Kits\10\Include\10.0.22000.0\um\consoleapi2.h
  Note: including file:      C:\Program Files (x86)\Windows Kits\10\Include\10.0.22000.0\um\consoleapi3.h
  Note: including file:     C:\Program Files (x86)\Windows Kits\10\Include\10.0.22000.0\um\winver.h
  Note: including file:      C:\Program Files (x86)\Windows Kits\10\Include\10.0.22000.0\um\verrsrc.h
  Note: including file:     C:\Program Files (x86)\Windows Kits\10\Include\10.0.22000.0\um\winreg.h
  Note: including file:      C:\Program Files (x86)\Windows Kits\10\Include\10.0.22000.0\um\reason.h
  Note: including file:     C:\Program Files (x86)\Windows Kits\10\Include\10.0.22000.0\um\winnetwk.h
  Note: including file:      C:\Program Files (x86)\Windows Kits\10\Include\10.0.22000.0\shared\wnnc.h
  Note: including file:     C:\Program Files (x86)\Windows Kits\10\Include\10.0.22000.0\shared\cderr.h
  Note: including file:     C:\Program Files (x86)\Windows Kits\10\Include\10.0.22000.0\um\dde.h
  Note: including file:     C:\Program Files (x86)\Windows Kits\10\Include\10.0.22000.0\um\ddeml.h
  Note: including file:     C:\Program Files (x86)\Windows Kits\10\Include\10.0.22000.0\um\dlgs.h
  Note: including file:     C:\Program Files (x86)\Windows Kits\10\Include\10.0.22000.0\um\lzexpand.h
  Note: including file:     C:\Program Files (x86)\Windows Kits\10\Include\10.0.22000.0\um\mmsystem.h
  Note: including file:      C:\Program Files (x86)\Windows Kits\10\Include\10.0.22000.0\um\mmsyscom.h
  Note: including file:       C:\Program Files (x86)\Windows Kits\10\Include\10.0.22000.0\shared\pshpack1.h
  Note: including file:       C:\Program Files (x86)\Windows Kits\10\Include\10.0.22000.0\shared\poppack.h
  Note: including file:      C:\Program Files (x86)\Windows Kits\10\Include\10.0.22000.0\shared\pshpack1.h
  Note: including file:      C:\Program Files (x86)\Windows Kits\10\Include\10.0.22000.0\um\mciapi.h
  Note: including file:       C:\Program Files (x86)\Windows Kits\10\Include\10.0.22000.0\um\mmsyscom.h
  Note: including file:      C:\Program Files (x86)\Windows Kits\10\Include\10.0.22000.0\um\mmiscapi.h
  Note: including file:       C:\Program Files (x86)\Windows Kits\10\Include\10.0.22000.0\um\mmsyscom.h
  Note: including file:      C:\Program Files (x86)\Windows Kits\10\Include\10.0.22000.0\um\mmiscapi2.h
  Note: including file:       C:\Program Files (x86)\Windows Kits\10\Include\10.0.22000.0\um\mmsyscom.h
  Note: including file:      C:\Program Files (x86)\Windows Kits\10\Include\10.0.22000.0\um\playsoundapi.h
  Note: including file:       C:\Program Files (x86)\Windows Kits\10\Include\10.0.22000.0\um\mmsyscom.h
  Note: including file:      C:\Program Files (x86)\Windows Kits\10\Include\10.0.22000.0\um\mmeapi.h
  Note: including file:       C:\Program Files (x86)\Windows Kits\10\Include\10.0.22000.0\um\mmsyscom.h
  Note: including file:      C:\Program Files (x86)\Windows Kits\10\Include\10.0.22000.0\um\timeapi.h
  Note: including file:       C:\Program Files (x86)\Windows Kits\10\Include\10.0.22000.0\um\mmsyscom.h
  Note: including file:      C:\Program Files (x86)\Windows Kits\10\Include\10.0.22000.0\um\joystickapi.h
  Note: including file:       C:\Program Files (x86)\Windows Kits\10\Include\10.0.22000.0\um\mmsyscom.h
  Note: including file:      C:\Program Files (x86)\Windows Kits\10\Include\10.0.22000.0\shared\poppack.h
  Note: including file:     C:\Program Files (x86)\Windows Kits\10\Include\10.0.22000.0\um\nb30.h
  Note: including file:     C:\Program Files (x86)\Windows Kits\10\Include\10.0.22000.0\shared\rpc.h
  Note: including file:      C:\Program Files (x86)\Windows Kits\10\Include\10.0.22000.0\shared\pshpack8.h
  Note: including file:      C:\Program Files (x86)\Windows Kits\10\Include\10.0.22000.0\shared\rpcdce.h
  Note: including file:       C:\Program Files (x86)\Windows Kits\10\Include\10.0.22000.0\shared\rpcdcep.h
  Note: including file:      C:\Program Files (x86)\Windows Kits\10\Include\10.0.22000.0\um\rpcnsi.h
  Note: including file:      C:\Program Files (x86)\Windows Kits\10\Include\10.0.22000.0\shared\rpcnterr.h
  Note: including file:      C:\Program Files (x86)\Windows Kits\10\Include\10.0.22000.0\shared\rpcasync.h
  Note: including file:       C:\Program Files (x86)\Windows Kits\10\Include\10.0.22000.0\shared\pshpack8.h
  Note: including file:       C:\Program Files (x86)\Windows Kits\10\Include\10.0.22000.0\shared\poppack.h
  Note: including file:      C:\Program Files (x86)\Windows Kits\10\Include\10.0.22000.0\shared\poppack.h
  Note: including file:     C:\Program Files (x86)\Windows Kits\10\Include\10.0.22000.0\um\shellapi.h
  Note: including file:     C:\Program Files (x86)\Windows Kits\10\Include\10.0.22000.0\um\winperf.h
  Note: including file:      C:\Program Files (x86)\Windows Kits\10\Include\10.0.22000.0\shared\pshpack8.h
  Note: including file:      C:\Program Files (x86)\Windows Kits\10\Include\10.0.22000.0\shared\poppack.h
  Note: including file:     C:\Program Files (x86)\Windows Kits\10\Include\10.0.22000.0\um\winsock.h
  Note: including file:      C:\Program Files (x86)\Windows Kits\10\Include\10.0.22000.0\shared\inaddr.h
  Note: including file:     C:\Program Files (x86)\Windows Kits\10\Include\10.0.22000.0\um\wincrypt.h
  Note: including file:      C:\Program Files (x86)\Windows Kits\10\Include\10.0.22000.0\shared\bcrypt.h
  Note: including file:      C:\Program Files (x86)\Windows Kits\10\Include\10.0.22000.0\um\ncrypt.h
  Note: including file:      C:\Program Files (x86)\Windows Kits\10\Include\10.0.22000.0\um\dpapi.h
  Note: including file:     C:\Program Files (x86)\Windows Kits\10\Include\10.0.22000.0\um\winefs.h
  Note: including file:     C:\Program Files (x86)\Windows Kits\10\Include\10.0.22000.0\um\winscard.h
  Note: including file:      C:\Program Files (x86)\Windows Kits\10\Include\10.0.22000.0\shared\wtypes.h
  Note: including file:       C:\Program Files (x86)\Windows Kits\10\Include\10.0.22000.0\shared\rpcndr.h
  Note: including file:        C:\Program Files (x86)\Windows Kits\10\Include\10.0.22000.0\shared\pshpack8.h
  Note: including file:        C:\Program Files (x86)\Windows Kits\10\Include\10.0.22000.0\um\rpcnsip.h
  Note: including file:        C:\Program Files (x86)\Windows Kits\10\Include\10.0.22000.0\shared\rpcsal.h
  Note: including file:        C:\Program Files (x86)\Windows Kits\10\Include\10.0.22000.0\shared\poppack.h
  Note: including file:       C:\Program Files (x86)\Windows Kits\10\Include\10.0.22000.0\shared\wtypesbase.h
  Note: including file:        C:\Program Files (x86)\Windows Kits\10\Include\10.0.22000.0\shared\guiddef.h
  Note: including file:      C:\Program Files (x86)\Windows Kits\10\Include\10.0.22000.0\um\winioctl.h
  Note: including file:       C:\Program Files (x86)\Windows Kits\10\Include\10.0.22000.0\shared\pshpack1.h
  Note: including file:       C:\Program Files (x86)\Windows Kits\10\Include\10.0.22000.0\shared\poppack.h
  Note: including file:       C:\Program Files (x86)\Windows Kits\10\Include\10.0.22000.0\shared\pshpack1.h
  Note: including file:       C:\Program Files (x86)\Windows Kits\10\Include\10.0.22000.0\shared\poppack.h
  Note: including file:       C:\Program Files (x86)\Windows Kits\10\Include\10.0.22000.0\shared\pshpack1.h
  Note: including file:       C:\Program Files (x86)\Windows Kits\10\Include\10.0.22000.0\shared\poppack.h
  Note: including file:       C:\Program Files (x86)\Windows Kits\10\Include\10.0.22000.0\shared\pshpack1.h
  Note: including file:       C:\Program Files (x86)\Windows Kits\10\Include\10.0.22000.0\shared\poppack.h
  Note: including file:       C:\Program Files (x86)\Windows Kits\10\Include\10.0.22000.0\shared\pshpack1.h
  Note: including file:       C:\Program Files (x86)\Windows Kits\10\Include\10.0.22000.0\shared\poppack.h
  Note: including file:       C:\Program Files (x86)\Windows Kits\10\Include\10.0.22000.0\shared\pshpack1.h
  Note: including file:       C:\Program Files (x86)\Windows Kits\10\Include\10.0.22000.0\shared\poppack.h
  Note: including file:       C:\Program Files (x86)\Windows Kits\10\Include\10.0.22000.0\shared\pshpack1.h
  Note: including file:       C:\Program Files (x86)\Windows Kits\10\Include\10.0.22000.0\shared\poppack.h
  Note: including file:      C:\Program Files (x86)\Windows Kits\10\Include\10.0.22000.0\shared\winsmcrd.h
  Note: including file:     C:\Program Files (x86)\Windows Kits\10\Include\10.0.22000.0\um\winspool.h
  Note: including file:      C:\Program Files (x86)\Windows Kits\10\Include\10.0.22000.0\um\prsht.h
  Note: including file:       C:\Program Files (x86)\Windows Kits\10\Include\10.0.22000.0\shared\pshpack8.h
  Note: including file:       C:\Program Files (x86)\Windows Kits\10\Include\10.0.22000.0\shared\poppack.h
  Note: including file:     C:\Program Files (x86)\Windows Kits\10\Include\10.0.22000.0\um\ole2.h
  Note: including file:      C:\Program Files (x86)\Windows Kits\10\Include\10.0.22000.0\shared\pshpack8.h
  Note: including file:      C:\Program Files (x86)\Windows Kits\10\Include\10.0.22000.0\um\objbase.h
  Note: including file:       C:\Program Files (x86)\Windows Kits\10\Include\10.0.22000.0\shared\pshpack8.h
  Note: including file:       C:\Program Files (x86)\Windows Kits\10\Include\10.0.22000.0\um\combaseapi.h
  Note: including file:        C:\Program Files (x86)\Windows Kits\10\Include\10.0.22000.0\shared\pshpack8.h
  Note: including file:        C:\Program Files (x86)\Windows Kits\10\Include\10.0.22000.0\um\unknwnbase.h
  Note: including file:        C:\Program Files (x86)\Windows Kits\10\Include\10.0.22000.0\um\objidlbase.h
  Note: including file:        C:\Program Files (x86)\Windows Kits\10\Include\10.0.22000.0\shared\guiddef.h
  Note: including file:        C:\Program Files (x86)\Windows Kits\10\Include\10.0.22000.0\um\cguid.h
  Note: including file:        C:\Program Files (x86)\Windows Kits\10\Include\10.0.22000.0\shared\poppack.h
  Note: including file:       C:\Program Files (x86)\Windows Kits\10\Include\10.0.22000.0\um\coml2api.h
  Note: including file:        C:\Program Files (x86)\Windows Kits\10\Include\10.0.22000.0\um\objidl.h
  Note: including file:         C:\Program Files (x86)\Windows Kits\10\Include\10.0.22000.0\um\unknwn.h
  Note: including file:        C:\Program Files (x86)\Windows Kits\10\Include\10.0.22000.0\um\propidlbase.h
  Note: including file:         C:\Program Files (x86)\Windows Kits\10\Include\10.0.22000.0\um\oaidl.h
  Note: including file:       C:\Program Files (x86)\Windows Kits\10\Include\10.0.22000.0\um\urlmon.h
  Note: including file:        C:\Program Files (x86)\Windows Kits\10\Include\10.0.22000.0\um\oleidl.h
  Note: including file:        C:\Program Files (x86)\Windows Kits\10\Include\10.0.22000.0\um\servprov.h
  Note: including file:        C:\Program Files (x86)\Windows Kits\10\Include\10.0.22000.0\um\msxml.h
  Note: including file:       C:\Program Files (x86)\Windows Kits\10\Include\10.0.22000.0\um\propidl.h
  Note: including file:       C:\Program Files (x86)\Windows Kits\10\Include\10.0.22000.0\shared\poppack.h
  Note: including file:      C:\Program Files (x86)\Windows Kits\10\Include\10.0.22000.0\um\oleauto.h
  Note: including file:       C:\Program Files (x86)\Windows Kits\10\Include\10.0.22000.0\shared\pshpack8.h
  Note: including file:       C:\Program Files (x86)\Windows Kits\10\Include\10.0.22000.0\shared\poppack.h
  Note: including file:      C:\Program Files (x86)\Windows Kits\10\Include\10.0.22000.0\shared\poppack.h
  Note: including file:     C:\Program Files (x86)\Windows Kits\10\Include\10.0.22000.0\um\commdlg.h
  Note: including file:      C:\Program Files (x86)\Windows Kits\10\Include\10.0.22000.0\um\prsht.h
  Note: including file:     C:\Program Files (x86)\Windows Kits\10\Include\10.0.22000.0\shared\stralign.h
  Note: including file:     C:\Program Files (x86)\Windows Kits\10\Include\10.0.22000.0\um\winsvc.h
  Note: including file:     C:\Program Files (x86)\Windows Kits\10\Include\10.0.22000.0\um\mcx.h
  Note: including file:     C:\Program Files (x86)\Windows Kits\10\Include\10.0.22000.0\um\imm.h
  Note: including file:      C:\Program Files (x86)\Windows Kits\10\Include\10.0.22000.0\um\ime_cmodes.h
  Note: including file: D:\Github\Accountant-2.0\ServicesLayer\Launcher\Application.h
  Generating Code...
